c:\users\manav\onedrive\desktop\seneca cpa\sem 2\oop244\project\ms5\ms56\ms56\x64\debug\vc143.pdb
c:\users\manav\onedrive\desktop\seneca cpa\sem 2\oop244\project\ms5\ms56\ms56\x64\debug\vc143.idb
c:\users\manav\onedrive\desktop\seneca cpa\sem 2\oop244\project\ms5\ms56\ms56\x64\debug\utils.obj
c:\users\manav\onedrive\desktop\seneca cpa\sem 2\oop244\project\ms5\ms56\ms56\x64\debug\status.obj
c:\users\manav\onedrive\desktop\seneca cpa\sem 2\oop244\project\ms5\ms56\ms56\x64\debug\perishable.obj
c:\users\manav\onedrive\desktop\seneca cpa\sem 2\oop244\project\ms5\ms56\ms56\x64\debug\menu.obj
c:\users\manav\onedrive\desktop\seneca cpa\sem 2\oop244\project\ms5\ms56\ms56\x64\debug\main56.obj
c:\users\manav\onedrive\desktop\seneca cpa\sem 2\oop244\project\ms5\ms56\ms56\x64\debug\item.obj
c:\users\manav\onedrive\desktop\seneca cpa\sem 2\oop244\project\ms5\ms56\ms56\x64\debug\iproduct.obj
c:\users\manav\onedrive\desktop\seneca cpa\sem 2\oop244\project\ms5\ms56\ms56\x64\debug\date.obj
c:\users\manav\onedrive\desktop\seneca cpa\sem 2\oop244\project\ms5\ms56\ms56\x64\debug\aidman.obj
c:\users\manav\onedrive\desktop\seneca cpa\sem 2\oop244\project\ms5\ms56\ms56\x64\debug\ms56.exe
c:\users\manav\onedrive\desktop\seneca cpa\sem 2\oop244\project\ms5\ms56\ms56\x64\debug\ms56.ilk
c:\users\manav\onedrive\desktop\seneca cpa\sem 2\oop244\project\ms5\ms56\ms56\x64\debug\ms56.pdb
c:\users\manav\onedrive\desktop\seneca cpa\sem 2\oop244\project\ms5\ms56\ms56\x64\debug\ms56.tlog\cl.command.1.tlog
c:\users\manav\onedrive\desktop\seneca cpa\sem 2\oop244\project\ms5\ms56\ms56\x64\debug\ms56.tlog\cl.items.tlog
c:\users\manav\onedrive\desktop\seneca cpa\sem 2\oop244\project\ms5\ms56\ms56\x64\debug\ms56.tlog\cl.read.1.tlog
c:\users\manav\onedrive\desktop\seneca cpa\sem 2\oop244\project\ms5\ms56\ms56\x64\debug\ms56.tlog\cl.write.1.tlog
c:\users\manav\onedrive\desktop\seneca cpa\sem 2\oop244\project\ms5\ms56\ms56\x64\debug\ms56.tlog\link.command.1.tlog
c:\users\manav\onedrive\desktop\seneca cpa\sem 2\oop244\project\ms5\ms56\ms56\x64\debug\ms56.tlog\link.read.1.tlog
c:\users\manav\onedrive\desktop\seneca cpa\sem 2\oop244\project\ms5\ms56\ms56\x64\debug\ms56.tlog\link.write.1.tlog
